[debug] [2017-09-01T17:15:02.582Z] ----------------------------------------------------------------------
[debug] [2017-09-01T17:15:02.584Z] Command:       /usr/local/bin/node /usr/local/bin/firebase deploy
[debug] [2017-09-01T17:15:02.585Z] CLI Version:   3.9.2
[debug] [2017-09-01T17:15:02.585Z] Platform:      darwin
[debug] [2017-09-01T17:15:02.585Z] Node Version:  v6.10.3
[debug] [2017-09-01T17:15:02.586Z] Time:          Sat Sep 02 2017 03:15:02 GMT+1000 (AEST)
[debug] [2017-09-01T17:15:02.586Z] ----------------------------------------------------------------------
[debug] 
[debug] [2017-09-01T17:15:02.601Z] > command requires scopes: ["email","openid","https://www.googleapis.com/auth/cloudplatformprojects.readonly","https://www.googleapis.com/auth/firebase","https://www.googleapis.com/auth/cloud-platform"]
[debug] [2017-09-01T17:15:02.601Z] > authorizing via signed-in user
[debug] [2017-09-01T17:15:02.603Z] > refreshing access token with scopes: ["email","https://www.googleapis.com/auth/cloud-platform","https://www.googleapis.com/auth/cloudplatformprojects.readonly","https://www.googleapis.com/auth/firebase","openid"]
[debug] [2017-09-01T17:15:02.604Z] >>> HTTP REQUEST POST https://www.googleapis.com/oauth2/v3/token { refresh_token: '1/n9RBTokabUWYHWR_wCtIIWBLCYZCTcGbWOtd1smICWk',
  client_id: '563584335869-fgrhgmd47bqnekij5i8b5pr03ho849e6.apps.googleusercontent.com',
  client_secret: 'j9iVZfS8kkCEFUPaAeJV0sAi',
  grant_type: 'refresh_token',
  scope: 'email https://www.googleapis.com/auth/cloud-platform https://www.googleapis.com/auth/cloudplatformprojects.readonly https://www.googleapis.com/auth/firebase openid' } 
 Sat Sep 02 2017 03:15:02 GMT+1000 (AEST)
[debug] [2017-09-01T17:15:03.038Z] <<< HTTP RESPONSE 200
[debug] [2017-09-01T17:15:03.040Z] >>> HTTP REQUEST GET https://admin.firebase.com/v1/projects/freecodecamp-volt  
 Sat Sep 02 2017 03:15:03 GMT+1000 (AEST)
[debug] [2017-09-01T17:15:04.100Z] <<< HTTP RESPONSE 200
[debug] [2017-09-01T17:15:04.101Z] >>> HTTP REQUEST GET https://admin.firebase.com/v1/database/freecodecamp-volt/tokens  
 Sat Sep 02 2017 03:15:04 GMT+1000 (AEST)
[debug] [2017-09-01T17:15:05.058Z] <<< HTTP RESPONSE 200
[info] 
[info] === Deploying to 'freecodecamp-volt'...
[info] 
[info] i  deploying functions, hosting
[debug] [2017-09-01T17:15:07.428Z] > [functions] package.json contents: {
  "name": "functions",
  "description": "Cloud Functions for Firebase",
  "dependencies": {
    "firebase-admin": "~4.2.1",
    "firebase-functions": "^0.5.7"
  },
  "private": true
}
[info] i  functions: ensuring necessary APIs are enabled...
[info] i  runtimeconfig: ensuring necessary APIs are enabled...
[debug] [2017-09-01T17:15:07.430Z] >>> HTTP REQUEST GET https://servicemanagement.googleapis.com/v1/services/cloudfunctions.googleapis.com/projectSettings/freecodecamp-volt?view=CONSUMER_VIEW  
 Sat Sep 02 2017 03:15:07 GMT+1000 (AEST)
[debug] [2017-09-01T17:15:07.431Z] >>> HTTP REQUEST GET https://servicemanagement.googleapis.com/v1/services/runtimeconfig.googleapis.com/projectSettings/freecodecamp-volt?view=CONSUMER_VIEW  
 Sat Sep 02 2017 03:15:07 GMT+1000 (AEST)
[debug] [2017-09-01T17:15:09.186Z] <<< HTTP RESPONSE 200
[info] ✔  functions: all necessary APIs are enabled
[debug] [2017-09-01T17:15:09.987Z] <<< HTTP RESPONSE 200
[info] ✔  runtimeconfig: all necessary APIs are enabled
[debug] [2017-09-01T17:15:09.988Z] >>> HTTP REQUEST GET https://appengine.googleapis.com/v1/apps/freecodecamp-volt  
 Sat Sep 02 2017 03:15:09 GMT+1000 (AEST)
[debug] [2017-09-01T17:15:09.989Z] >>> HTTP REQUEST GET https://apikeys.googleapis.com/v1/projects/freecodecamp-volt/apiKeys  
 Sat Sep 02 2017 03:15:09 GMT+1000 (AEST)
[debug] [2017-09-01T17:15:11.515Z] <<< HTTP RESPONSE 200
[debug] [2017-09-01T17:15:11.518Z] <<< HTTP RESPONSE 200
[info] i  functions: preparing functions directory for uploading...
[debug] [2017-09-01T17:15:15.922Z] >>> HTTP REQUEST GET https://runtimeconfig.googleapis.com/v1beta1/projects/freecodecamp-volt/configs  
 Sat Sep 02 2017 03:15:15 GMT+1000 (AEST)
[debug] [2017-09-01T17:15:16.834Z] <<< HTTP RESPONSE 200
[info] i  functions: packaged functions (1.93 KB) for uploading
[debug] [2017-09-01T17:15:17.985Z] >>> HTTP REQUEST GET https://www.googleapis.com/storage/v1/b/staging.freecodecamp-volt.appspot.com  
 Sat Sep 02 2017 03:15:17 GMT+1000 (AEST)
[debug] [2017-09-01T17:15:19.091Z] <<< HTTP RESPONSE 200
[debug] [2017-09-01T17:15:19.092Z] >>> HTTP REQUEST POST https://www.googleapis.com/upload/storage/v1/b/staging.freecodecamp-volt.appspot.com/o?uploadType=media&name=firebase-functions-source ReadStream {
  _readableState: 
   ReadableState {
     objectMode: false,
     highWaterMark: 65536,
     buffer: BufferList { head: [Object], tail: [Object], length: 1 },
     length: 1979,
     pipes: null,
     pipesCount: 0,
     flowing: null,
     ended: true,
     endEmitted: false,
     reading: false,
     sync: false,
     needReadable: false,
     emittedReadable: true,
     readableListening: false,
     resumeScheduled: false,
     defaultEncoding: 'utf8',
     ranOut: false,
     awaitDrain: 0,
     readingMore: false,
     decoder: null,
     encoding: null },
  readable: true,
  domain: null,
  _events: { end: [Function] },
  _eventsCount: 1,
  _maxListeners: undefined,
  path: '/var/folders/_q/jd7lr3dj20v4p2dkhk9g00800000gn/T/firebase-functions-7566qDZ5PYMYWJMy.zip',
  fd: 19,
  flags: 'r',
  mode: 438,
  start: undefined,
  end: undefined,
  autoClose: true,
  pos: undefined,
  bytesRead: 1979 } 
 Sat Sep 02 2017 03:15:19 GMT+1000 (AEST)
[debug] [2017-09-01T17:15:20.522Z] <<< HTTP RESPONSE 200
[info] ✔  functions: functions folder uploaded successfully
[info] i  hosting: preparing build directory for upload...
[debug] [2017-09-01T17:15:21.038Z] >>> HTTP REQUEST PUT https://deploy.firebase.com/v1/hosting/freecodecamp-volt/uploads/-KsyR6RCrcBio1x2RMpE?fileCount=9&message=  
 Sat Sep 02 2017 03:15:21 GMT+1000 (AEST)
[debug] [2017-09-01T17:15:29.433Z] <<< HTTP RESPONSE 200
[debug] [2017-09-01T17:15:29.433Z] [hosting] .tgz uploaded successfully, waiting for extraction
